08 Jan 2018, 09:37:41,516 Logger is initialed
08 Jan 2018, 09:37:41,707 APIConfig is initialed
08 Jan 2018, 09:37:42,932 HikariPool is initialed
08 Jan 2018, 09:37:43,953 Your Vert.x application is started!
08 Jan 2018, 09:45:32,311 updateUserInfo: null - no idea - test update userinfo - 1 - 1 - 1 - 1
08 Jan 2018, 09:45:52,009 updateUserInfo: null - no idea - test update userinfo - 1 - 1 - 1 - 1
08 Jan 2018, 09:46:29,792 LOGIN : smith222@mail.com
08 Jan 2018, 09:46:38,166 updateUserInfo: null - no idea - test update userinfo - 1 - 1 - 1 - 1
08 Jan 2018, 09:46:51,041 updateUserInfo: null - no idea - test update userinfo - 1 - 1 - 1 - 1
08 Jan 2018, 09:49:13,723 updateUserInfo: null - no idea - test update userinfo - 1 - 1 - 1 - 1
08 Jan 2018, 10:01:51,672 updateUserInfo: ebd4ce716a4bdb52ef4221312a456e0f2ed529cb18746f0563682c8c66742b0a - no idea - test update userinfo - 1 - 1 - 1 - 1
08 Jan 2018, 10:01:51,915 updateUserInfo Error: (conn:876890) Unknown column 'user_bl.id_user' in 'where clause'
08 Jan 2018, 10:08:35,322 updateUserInfo: ebd4ce716a4bdb52ef4221312a456e0f2ed529cb18746f0563682c8c66742b0a - no idea - test update userinfo - 1 - 2 - 1 - 1
08 Jan 2018, 10:08:35,440 updateUserInfo Error: (conn:877154) Unknown column 'user_bl.id_user' in 'where clause'
08 Jan 2018, 10:18:39,105 getUserInfo Error: (conn:877158) Column 'email' in field list is ambiguous
08 Jan 2018, 10:22:28,889 Logger is initialed
08 Jan 2018, 10:22:28,953 APIConfig is initialed
08 Jan 2018, 10:22:30,423 HikariPool is initialed
08 Jan 2018, 10:22:31,000 Your Vert.x application is started!
08 Jan 2018, 10:23:14,580 updateUserInfo: ebd4ce716a4bdb52ef4221312a456e0f2ed529cb18746f0563682c8c66742b0a - no idea - test update userinfo - 1 - 2 - 1 - 1
08 Jan 2018, 10:23:14,671 updateUserInfo Error: (conn:877284) Unknown column 'user_bl.id_user' in 'where clause'
08 Jan 2018, 10:26:16,463 Logger is initialed
08 Jan 2018, 10:26:16,518 APIConfig is initialed
08 Jan 2018, 10:26:20,028 HikariPool is initialed
08 Jan 2018, 10:26:20,596 Your Vert.x application is started!
08 Jan 2018, 10:27:01,028 updateUserInfo: ebd4ce716a4bdb52ef4221312a456e0f2ed529cb18746f0563682c8c66742b0a - no idea - test update userinfo - 1 - 2 - 1 - 1
08 Jan 2018, 10:27:01,266 updateUserInfo Error: (conn:877331) Unknown column 'user_bl.id_user' in 'where clause'
